app/build/outputs/logs/manifest-merger-debug-report.txt
-- Merging decision tree log ---
manifest
ADDED from src\main\AndroidManifest.xml:2:1-71:12
	package
		ADDED from src\main\AndroidManifest.xml:3:5-37
		INJECTED from src\main\AndroidManifest.xml
		INJECTED from src\main\AndroidManifest.xml
	android:versionName
		INJECTED from src\main\AndroidManifest.xml
		INJECTED from src\main\AndroidManifest.xml
	xmlns:android
		ADDED from src\main\AndroidManifest.xml:2:11-69
	android:versionCode
		INJECTED from src\main\AndroidManifest.xml
		INJECTED from src\main\AndroidManifest.xml
uses-permission#android.permission.INTERNET
ADDED from src\main\AndroidManifest.xml:5:5-67
	android:name
		ADDED from src\main\AndroidManifest.xml:5:22-64
uses-permission#android.permission.ACCESS_NETWORK_STATE
ADDED from src\main\AndroidManifest.xml:6:5-79
	android:name
		ADDED from src\main\AndroidManifest.xml:6:22-76
uses-permission#android.permission.SYSTEM_ALERT_WINDOW
ADDED from src\main\AndroidManifest.xml:7:5-78
	android:name
		ADDED from src\main\AndroidManifest.xml:7:22-75
uses-permission#android.permission.SYSTEM_OVERLAY_WINDOW
ADDED from src\main\AndroidManifest.xml:8:5-80
	android:name
		ADDED from src\main\AndroidManifest.xml:8:22-77
application
ADDED from src\main\AndroidManifest.xml:10:5-69:19
MERGED from [com.android.support:design:23.4.0] AndroidManifest.xml:22:5-20
MERGED from [com.jcodecraeer:xrecyclerview:1.2.6] AndroidManifest.xml:11:5-20
MERGED from [com.android.support:percent:23.4.0] AndroidManifest.xml:22:5-20
MERGED from [TestAndroid:pulltorefresh:unspecified] AndroidManifest.xml:11:5-15:19
MERGED from [in.srain.cube:ultra-ptr:1.0.11] AndroidManifest.xml:11:5-20
MERGED from [com.android.support:cardview-v7:23.4.0] AndroidManifest.xml:22:5-20
MERGED from [com.github.danylovolokh:video-player-manager:0.2.0] AndroidManifest.xml:11:5-14:19
MERGED from [com.github.danylovolokh:list-visibility-utils:0.2.0] AndroidManifest.xml:11:5-14:19
MERGED from [com.android.support:appcompat-v7:23.4.0] AndroidManifest.xml:25:5-20
MERGED from [com.android.support:animated-vector-drawable:23.4.0] AndroidManifest.xml:7:5-20
MERGED from [com.android.support:support-vector-drawable:23.4.0] AndroidManifest.xml:7:5-20
MERGED from [com.android.support:support-v4:23.4.0] AndroidManifest.xml:22:5-20
	android:label
		ADDED from src\main\AndroidManifest.xml:13:9-41
	android:supportsRtl
		ADDED from src\main\AndroidManifest.xml:14:9-35
	android:allowBackup
		ADDED from src\main\AndroidManifest.xml:11:9-35
	android:icon
		ADDED from src\main\AndroidManifest.xml:12:9-43
	android:theme
		ADDED from src\main\AndroidManifest.xml:15:9-40
activity#com.jayden.testandroid.ndk.HelloNDKActivity
ADDED from src\main\AndroidManifest.xml:16:9-25:20
	android:label
		ADDED from src\main\AndroidManifest.xml:18:13-45
	android:theme
		ADDED from src\main\AndroidManifest.xml:19:13-56
	android:name
		ADDED from src\main\AndroidManifest.xml:17:13-49
intent-filter#android.intent.action.MAIN+android.intent.category.LAUNCHER
ADDED from src\main\AndroidManifest.xml:20:13-24:29
action#android.intent.action.MAIN
ADDED from src\main\AndroidManifest.xml:21:17-69
	android:name
		ADDED from src\main\AndroidManifest.xml:21:25-66
category#android.intent.category.LAUNCHER
ADDED from src\main\AndroidManifest.xml:23:17-77
	android:name
		ADDED from src\main\AndroidManifest.xml:23:27-74
activity#com.jayden.testandroid.MainActivity
ADDED from src\main\AndroidManifest.xml:26:9-50
	android:name
		ADDED from src\main\AndroidManifest.xml:26:19-47
activity#com.jayden.testandroid.api.xmlparser.ParserResultActivity
ADDED from src\main\AndroidManifest.xml:27:9-71
	android:name
		ADDED from src\main\AndroidManifest.xml:27:19-69
activity#com.jayden.testandroid.lifecycle.BActivity
ADDED from src\main\AndroidManifest.xml:28:9-57
	android:name
		ADDED from src\main\AndroidManifest.xml:28:19-54
activity#com.jayden.testandroid.customview.circlemenu.CCBActivity
ADDED from src\main\AndroidManifest.xml:29:9-71
	android:name
		ADDED from src\main\AndroidManifest.xml:29:19-68
activity#com.jayden.testandroid.customview.circlemenu.CircleActivity
ADDED from src\main\AndroidManifest.xml:30:9-74
	android:name
		ADDED from src\main\AndroidManifest.xml:30:19-71
activity#com.jayden.testandroid.lollipop.animation.OtherActivity
ADDED from src\main\AndroidManifest.xml:31:9-70
	android:name
		ADDED from src\main\AndroidManifest.xml:31:19-67
service#com.jayden.testandroid.customview.floatview.TopFloatService
ADDED from src\main\AndroidManifest.xml:33:9-73
	android:name
		ADDED from src\main\AndroidManifest.xml:33:18-70
activity#com.jayden.testandroid.lollipop.animation.ShareElementActivity
ADDED from src\main\AndroidManifest.xml:35:9-77
	android:name
		ADDED from src\main\AndroidManifest.xml:35:19-74
activity#com.jayden.testandroid.weblauncher.WebIntentActivity
ADDED from src\main\AndroidManifest.xml:38:9-49:20
	android:theme
		ADDED from src\main\AndroidManifest.xml:40:13-53
	android:name
		ADDED from src\main\AndroidManifest.xml:39:13-58
intent-filter#android.intent.action.VIEW+android.intent.category.BROWSABLE+android.intent.category.DEFAULT
ADDED from src\main\AndroidManifest.xml:41:13-48:29
action#android.intent.action.VIEW
ADDED from src\main\AndroidManifest.xml:42:17-69
	android:name
		ADDED from src\main\AndroidManifest.xml:42:25-66
category#android.intent.category.DEFAULT
ADDED from src\main\AndroidManifest.xml:44:17-76
	android:name
		ADDED from src\main\AndroidManifest.xml:44:27-73
category#android.intent.category.BROWSABLE
ADDED from src\main\AndroidManifest.xml:45:17-78
	android:name
		ADDED from src\main\AndroidManifest.xml:45:27-75
data
ADDED from src\main\AndroidManifest.xml:47:17-55
	android:mimeType
		ADDED from src\main\AndroidManifest.xml:47:23-52
activity#com.jayden.testandroid.video.MainActivity
ADDED from src\main\AndroidManifest.xml:50:9-65:20
	android:label
		ADDED from src\main\AndroidManifest.xml:52:13-45
	android:theme
		ADDED from src\main\AndroidManifest.xml:53:13-56
	android:name
		ADDED from src\main\AndroidManifest.xml:51:13-47
activity#com.jayden.testandroid.question.edittext.EdittextFocus
ADDED from src\main\AndroidManifest.xml:67:9-68:56
	android:windowSoftInputMode
		ADDED from src\main\AndroidManifest.xml:68:13-54
	android:name
		ADDED from src\main\AndroidManifest.xml:67:19-66
uses-sdk
INJECTED from src\main\AndroidManifest.xml reason: use-sdk injection requested
MERGED from [com.android.support:design:23.4.0] AndroidManifest.xml:20:5-43
MERGED from [com.jcodecraeer:xrecyclerview:1.2.6] AndroidManifest.xml:7:5-9:41
MERGED from [com.android.support:percent:23.4.0] AndroidManifest.xml:20:5-43
MERGED from [io.reactivex:rxandroid:1.1.0] AndroidManifest.xml:19:5-43
MERGED from [TestAndroid:pulltorefresh:unspecified] AndroidManifest.xml:7:5-9:41
MERGED from [in.srain.cube:ultra-ptr:1.0.11] AndroidManifest.xml:7:5-9:41
MERGED from [TestAndroid:MPChartLib:unspecified] AndroidManifest.xml:17:5-19:41
MERGED from [com.github.rey5137:material:1.2.4] AndroidManifest.xml:7:5-9:41
MERGED from [com.android.support:cardview-v7:23.4.0] AndroidManifest.xml:20:5-43
MERGED from [com.github.danylovolokh:video-player-manager:0.2.0] AndroidManifest.xml:7:5-9:41
MERGED from [com.github.danylovolokh:list-visibility-utils:0.2.0] AndroidManifest.xml:7:5-9:41
MERGED from [com.android.support:recyclerview-v7:23.4.0] AndroidManifest.xml:20:5-43
MERGED from [com.android.support:appcompat-v7:23.4.0] AndroidManifest.xml:21:5-23:78
MERGED from [com.android.support:animated-vector-drawable:23.4.0] AndroidManifest.xml:5:5-44
MERGED from [com.android.support:support-vector-drawable:23.4.0] AndroidManifest.xml:5:5-43
MERGED from [com.android.support:support-v4:23.4.0] AndroidManifest.xml:20:5-43
	tools:overrideLibrary
		ADDED from [com.android.support:appcompat-v7:23.4.0] AndroidManifest.xml:23:9-75
	android:targetSdkVersion
		INJECTED from src\main\AndroidManifest.xml
		INJECTED from src\main\AndroidManifest.xml
	android:minSdkVersion
		INJECTED from src\main\AndroidManifest.xml
		INJECTED from src\main\AndroidManifest.xml